# JRE version: OpenJDK Runtime Environment (8.0_152-b06) (build 1.8.0_152-release-1136-b06)
# Java VM: OpenJDK 64-Bit Server VM (25.152-b06 mixed mode windows-amd64 compressed oops)
Heap:
 PSYoungGen      total 206848K, used 86966K [0x00000000e0000000, 0x00000000f1380000, 0x0000000100000000)
  eden space 185856K, 46% used [0x00000000e0000000,0x00000000e54ed928,0x00000000eb580000)
  from space 20992K, 0% used [0x00000000eb580000,0x00000000eb580000,0x00000000eca00000)
  to   space 24064K, 0% used [0x00000000efc00000,0x00000000efc00000,0x00000000f1380000)
 ParOldGen       total 77312K, used 43247K [0x00000000a0000000, 0x00000000a4b80000, 0x00000000e0000000)
  object space 77312K, 55% used [0x00000000a0000000,0x00000000a2a3bc10,0x00000000a4b80000)
 Metaspace       used 59944K, capacity 61698K, committed 61912K, reserved 1101824K
  class space    used 8157K, capacity 8590K, committed 8704K, reserved 1048576K
GC Heap History (10 events):
Event: 8.134 GC heap before
{Heap before GC invocations=10 (full 2):
 PSYoungGen      total 158720K, used 10719K [0x00000000e0000000, 0x00000000ea900000, 0x0000000100000000)
  eden space 147456K, 0% used [0x00000000e0000000,0x00000000e0000000,0x00000000e9000000)
  from space 11264K, 95% used [0x00000000e9d80000,0x00000000ea7f7da0,0x00000000ea880000)
  to   space 12800K, 0% used [0x00000000e9000000,0x00000000e9000000,0x00000000e9c80000)
 ParOldGen       total 50176K, used 9337K [0x00000000a0000000, 0x00000000a3100000, 0x00000000e0000000)
  object space 50176K, 18% used [0x00000000a0000000,0x00000000a091e598,0x00000000a3100000)
 Metaspace       used 34760K, capacity 35316K, committed 35416K, reserved 1079296K
  class space    used 4821K, capacity 4984K, committed 4992K, reserved 1048576K
Event: 8.210 GC heap after
Heap after GC invocations=10 (full 2):
 PSYoungGen      total 158720K, used 0K [0x00000000e0000000, 0x00000000ea900000, 0x0000000100000000)
  eden space 147456K, 0% used [0x00000000e0000000,0x00000000e0000000,0x00000000e9000000)
  from space 11264K, 0% used [0x00000000e9d80000,0x00000000e9d80000,0x00000000ea880000)
  to   space 12800K, 0% used [0x00000000e9000000,0x00000000e9000000,0x00000000e9c80000)
 ParOldGen       total 77312K, used 17798K [0x00000000a0000000, 0x00000000a4b80000, 0x00000000e0000000)
  object space 77312K, 23% used [0x00000000a0000000,0x00000000a11618f0,0x00000000a4b80000)
 Metaspace       used 34760K, capacity 35316K, committed 35416K, reserved 1079296K
  class space    used 4821K, capacity 4984K, committed 4992K, reserved 1048576K
}
Event: 10.340 GC heap before
{Heap before GC invocations=11 (full 2):
 PSYoungGen      total 158720K, used 147456K [0x00000000e0000000, 0x00000000ea900000, 0x0000000100000000)
  eden space 147456K, 100% used [0x00000000e0000000,0x00000000e9000000,0x00000000e9000000)
  from space 11264K, 0% used [0x00000000e9d80000,0x00000000e9d80000,0x00000000ea880000)
  to   space 12800K, 0% used [0x00000000e9000000,0x00000000e9000000,0x00000000e9c80000)
 ParOldGen       total 77312K, used 17798K [0x00000000a0000000, 0x00000000a4b80000, 0x00000000e0000000)
  object space 77312K, 23% used [0x00000000a0000000,0x00000000a11618f0,0x00000000a4b80000)
 Metaspace       used 44654K, capacity 45476K, committed 45784K, reserved 1089536K
  class space    used 6017K, capacity 6287K, committed 6400K, reserved 1048576K
Event: 10.376 GC heap after
Heap after GC invocations=11 (full 2):
 PSYoungGen      total 160256K, used 12797K [0x00000000e0000000, 0x00000000eda00000, 0x0000000100000000)
  eden space 147456K, 0% used [0x00000000e0000000,0x00000000e0000000,0x00000000e9000000)
  from space 12800K, 99% used [0x00000000e9000000,0x00000000e9c7f700,0x00000000e9c80000)
  to   space 16384K, 0% used [0x00000000eca00000,0x00000000eca00000,0x00000000eda00000)
 ParOldGen       total 77312K, used 21824K [0x00000000a0000000, 0x00000000a4b80000, 0x00000000e0000000)
  object space 77312K, 28% used [0x00000000a0000000,0x00000000a1550138,0x00000000a4b80000)
 Metaspace       used 44654K, capacity 45476K, committed 45784K, reserved 1089536K
  class space    used 6017K, capacity 6287K, committed 6400K, reserved 1048576K
}
Event: 13.649 GC heap before
{Heap before GC invocations=12 (full 2):
 PSYoungGen      total 160256K, used 160253K [0x00000000e0000000, 0x00000000eda00000, 0x0000000100000000)
  eden space 147456K, 100% used [0x00000000e0000000,0x00000000e9000000,0x00000000e9000000)
  from space 12800K, 99% used [0x00000000e9000000,0x00000000e9c7f700,0x00000000e9c80000)
  to   space 16384K, 0% used [0x00000000eca00000,0x00000000eca00000,0x00000000eda00000)
 ParOldGen       total 77312K, used 21824K [0x00000000a0000000, 0x00000000a4b80000, 0x00000000e0000000)
  object space 77312K, 28% used [0x00000000a0000000,0x00000000a1550138,0x00000000a4b80000)
 Metaspace       used 55294K, capacity 56906K, committed 57176K, reserved 1097728K
  class space    used 7531K, capacity 7944K, committed 8064K, reserved 1048576K
Event: 13.704 GC heap after
Heap after GC invocations=12 (full 2):
 PSYoungGen      total 202240K, used 16367K [0x00000000e0000000, 0x00000000ee380000, 0x0000000100000000)
  eden space 185856K, 0% used [0x00000000e0000000,0x00000000e0000000,0x00000000eb580000)
  from space 16384K, 99% used [0x00000000eca00000,0x00000000ed9fbc08,0x00000000eda00000)
  to   space 20992K, 0% used [0x00000000eb580000,0x00000000eb580000,0x00000000eca00000)
 ParOldGen       total 77312K, used 28295K [0x00000000a0000000, 0x00000000a4b80000, 0x00000000e0000000)
  object space 77312K, 36% used [0x00000000a0000000,0x00000000a1ba1e80,0x00000000a4b80000)
 Metaspace       used 55294K, capacity 56906K, committed 57176K, reserved 1097728K
  class space    used 7531K, capacity 7944K, committed 8064K, reserved 1048576K
}
Event: 23.551 GC heap before
{Heap before GC invocations=13 (full 2):
 PSYoungGen      total 202240K, used 111595K [0x00000000e0000000, 0x00000000ee380000, 0x0000000100000000)
  eden space 185856K, 51% used [0x00000000e0000000,0x00000000e5cff358,0x00000000eb580000)
  from space 16384K, 99% used [0x00000000eca00000,0x00000000ed9fbc08,0x00000000eda00000)
  to   space 20992K, 0% used [0x00000000eb580000,0x00000000eb580000,0x00000000eca00000)
 ParOldGen       total 77312K, used 28295K [0x00000000a0000000, 0x00000000a4b80000, 0x00000000e0000000)
  object space 77312K, 36% used [0x00000000a0000000,0x00000000a1ba1e80,0x00000000a4b80000)
 Metaspace       used 57324K, capacity 58986K, committed 59028K, reserved 1099776K
  class space    used 7767K, capacity 8170K, committed 8192K, reserved 1048576K
Event: 23.579 GC heap after
Heap after GC invocations=13 (full 2):
 PSYoungGen      total 206848K, used 20234K [0x00000000e0000000, 0x00000000f1380000, 0x0000000100000000)
  eden space 185856K, 0% used [0x00000000e0000000,0x00000000e0000000,0x00000000eb580000)
  from space 20992K, 96% used [0x00000000eb580000,0x00000000ec942bf8,0x00000000eca00000)
  to   space 24064K, 0% used [0x00000000efc00000,0x00000000efc00000,0x00000000f1380000)
 ParOldGen       total 77312K, used 37846K [0x00000000a0000000, 0x00000000a4b80000, 0x00000000e0000000)
  object space 77312K, 48% used [0x00000000a0000000,0x00000000a24f5828,0x00000000a4b80000)
 Metaspace       used 57324K, capacity 58986K, committed 59028K, reserved 1099776K
  class space    used 7767K, capacity 8170K, committed 8192K, reserved 1048576K
}
Event: 23.579 GC heap before
{Heap before GC invocations=14 (full 3):
 PSYoungGen      total 206848K, used 20234K [0x00000000e0000000, 0x00000000f1380000, 0x0000000100000000)
  eden space 185856K, 0% used [0x00000000e0000000,0x00000000e0000000,0x00000000eb580000)
  from space 20992K, 96% used [0x00000000eb580000,0x00000000ec942bf8,0x00000000eca00000)
  to   space 24064K, 0% used [0x00000000efc00000,0x00000000efc00000,0x00000000f1380000)
 ParOldGen       total 77312K, used 37846K [0x00000000a0000000, 0x00000000a4b80000, 0x00000000e0000000)
  object space 77312K, 48% used [0x00000000a0000000,0x00000000a24f5828,0x00000000a4b80000)
 Metaspace       used 57324K, capacity 58986K, committed 59028K, reserved 1099776K
  class space    used 7767K, capacity 8170K, committed 8192K, reserved 1048576K
Event: 23.825 GC heap after
Heap after GC invocations=14 (full 3):
 PSYoungGen      total 206848K, used 0K [0x00000000e0000000, 0x00000000f1380000, 0x0000000100000000)
  eden space 185856K, 0% used [0x00000000e0000000,0x00000000e0000000,0x00000000eb580000)
  from space 20992K, 0% used [0x00000000eb580000,0x00000000eb580000,0x00000000eca00000)
  to   space 24064K, 0% used [0x00000000efc00000,0x00000000efc00000,0x00000000f1380000)
 ParOldGen       total 77312K, used 43247K [0x00000000a0000000, 0x00000000a4b80000, 0x00000000e0000000)
  object space 77312K, 55% used [0x00000000a0000000,0x00000000a2a3bc10,0x00000000a4b80000)
 Metaspace       used 57324K, capacity 58986K, committed 59028K, reserved 1099776K
  class space    used 7767K, capacity 8170K, committed 8192K, reserved 1048576K
}

