# JRE version: OpenJDK Runtime Environment (8.0_152-b06) (build 1.8.0_152-release-1136-b06)
# Java VM: OpenJDK 64-Bit Server VM (25.152-b06 mixed mode windows-amd64 compressed oops)
Heap:
 PSYoungGen      total 187904K, used 110712K [0x00000000e0000000, 0x00000000ec680000, 0x0000000100000000)
  eden space 172544K, 55% used [0x00000000e0000000,0x00000000e5d251f8,0x00000000ea880000)
  from space 15360K, 99% used [0x00000000ea880000,0x00000000eb779070,0x00000000eb780000)
  to   space 15360K, 0% used [0x00000000eb780000,0x00000000eb780000,0x00000000ec680000)
 ParOldGen       total 118272K, used 52017K [0x00000000a0000000, 0x00000000a7380000, 0x00000000e0000000)
  object space 118272K, 43% used [0x00000000a0000000,0x00000000a32cc4e0,0x00000000a7380000)
 Metaspace       used 66891K, capacity 68664K, committed 68824K, reserved 1107968K
  class space    used 8918K, capacity 9345K, committed 9472K, reserved 1048576K
GC Heap History (10 events):
Event: 10.561 GC heap before
{Heap before GC invocations=14 (full 2):
 PSYoungGen      total 113152K, used 113133K [0x00000000e0000000, 0x00000000e9a00000, 0x0000000100000000)
  eden space 103936K, 100% used [0x00000000e0000000,0x00000000e6580000,0x00000000e6580000)
  from space 9216K, 99% used [0x00000000e6580000,0x00000000e6e7b488,0x00000000e6e80000)
  to   space 11264K, 0% used [0x00000000e8f00000,0x00000000e8f00000,0x00000000e9a00000)
 ParOldGen       total 70656K, used 18729K [0x00000000a0000000, 0x00000000a4500000, 0x00000000e0000000)
  object space 70656K, 26% used [0x00000000a0000000,0x00000000a124a720,0x00000000a4500000)
 Metaspace       used 49420K, capacity 50518K, committed 50776K, reserved 1093632K
  class space    used 6623K, capacity 6964K, committed 7040K, reserved 1048576K
Event: 10.580 GC heap after
Heap after GC invocations=14 (full 2):
 PSYoungGen      total 145408K, used 10399K [0x00000000e0000000, 0x00000000e9b00000, 0x0000000100000000)
  eden space 134144K, 0% used [0x00000000e0000000,0x00000000e0000000,0x00000000e8300000)
  from space 11264K, 92% used [0x00000000e8f00000,0x00000000e9927f80,0x00000000e9a00000)
  to   space 12288K, 0% used [0x00000000e8300000,0x00000000e8300000,0x00000000e8f00000)
 ParOldGen       total 70656K, used 24975K [0x00000000a0000000, 0x00000000a4500000, 0x00000000e0000000)
  object space 70656K, 35% used [0x00000000a0000000,0x00000000a1863e80,0x00000000a4500000)
 Metaspace       used 49420K, capacity 50518K, committed 50776K, reserved 1093632K
  class space    used 6623K, capacity 6964K, committed 7040K, reserved 1048576K
}
Event: 13.601 GC heap before
{Heap before GC invocations=15 (full 2):
 PSYoungGen      total 145408K, used 144543K [0x00000000e0000000, 0x00000000e9b00000, 0x0000000100000000)
  eden space 134144K, 100% used [0x00000000e0000000,0x00000000e8300000,0x00000000e8300000)
  from space 11264K, 92% used [0x00000000e8f00000,0x00000000e9927f80,0x00000000e9a00000)
  to   space 12288K, 0% used [0x00000000e8300000,0x00000000e8300000,0x00000000e8f00000)
 ParOldGen       total 70656K, used 24975K [0x00000000a0000000, 0x00000000a4500000, 0x00000000e0000000)
  object space 70656K, 35% used [0x00000000a0000000,0x00000000a1863e80,0x00000000a4500000)
 Metaspace       used 56109K, capacity 57774K, committed 57944K, reserved 1099776K
  class space    used 7611K, capacity 8052K, committed 8064K, reserved 1048576K
Event: 13.633 GC heap after
Heap after GC invocations=15 (full 2):
 PSYoungGen      total 146432K, used 12276K [0x00000000e0000000, 0x00000000ec700000, 0x0000000100000000)
  eden space 134144K, 0% used [0x00000000e0000000,0x00000000e0000000,0x00000000e8300000)
  from space 12288K, 99% used [0x00000000e8300000,0x00000000e8efd3b8,0x00000000e8f00000)
  to   space 15872K, 0% used [0x00000000eb780000,0x00000000eb780000,0x00000000ec700000)
 ParOldGen       total 70656K, used 30665K [0x00000000a0000000, 0x00000000a4500000, 0x00000000e0000000)
  object space 70656K, 43% used [0x00000000a0000000,0x00000000a1df2408,0x00000000a4500000)
 Metaspace       used 56109K, capacity 57774K, committed 57944K, reserved 1099776K
  class space    used 7611K, capacity 8052K, committed 8064K, reserved 1048576K
}
Event: 14.837 GC heap before
{Heap before GC invocations=16 (full 2):
 PSYoungGen      total 146432K, used 55303K [0x00000000e0000000, 0x00000000ec700000, 0x0000000100000000)
  eden space 134144K, 32% used [0x00000000e0000000,0x00000000e2a04b50,0x00000000e8300000)
  from space 12288K, 99% used [0x00000000e8300000,0x00000000e8efd3b8,0x00000000e8f00000)
  to   space 15872K, 0% used [0x00000000eb780000,0x00000000eb780000,0x00000000ec700000)
 ParOldGen       total 70656K, used 30665K [0x00000000a0000000, 0x00000000a4500000, 0x00000000e0000000)
  object space 70656K, 43% used [0x00000000a0000000,0x00000000a1df2408,0x00000000a4500000)
 Metaspace       used 57266K, capacity 58958K, committed 59028K, reserved 1099776K
  class space    used 7779K, capacity 8192K, committed 8192K, reserved 1048576K
Event: 14.855 GC heap after
Heap after GC invocations=16 (full 2):
 PSYoungGen      total 187904K, used 6176K [0x00000000e0000000, 0x00000000ec680000, 0x0000000100000000)
  eden space 172544K, 0% used [0x00000000e0000000,0x00000000e0000000,0x00000000ea880000)
  from space 15360K, 40% used [0x00000000eb780000,0x00000000ebd88000,0x00000000ec680000)
  to   space 15360K, 0% used [0x00000000ea880000,0x00000000ea880000,0x00000000eb780000)
 ParOldGen       total 70656K, used 38914K [0x00000000a0000000, 0x00000000a4500000, 0x00000000e0000000)
  object space 70656K, 55% used [0x00000000a0000000,0x00000000a2600998,0x00000000a4500000)
 Metaspace       used 57266K, capacity 58958K, committed 59028K, reserved 1099776K
  class space    used 7779K, capacity 8192K, committed 8192K, reserved 1048576K
}
Event: 14.855 GC heap before
{Heap before GC invocations=17 (full 3):
 PSYoungGen      total 187904K, used 6176K [0x00000000e0000000, 0x00000000ec680000, 0x0000000100000000)
  eden space 172544K, 0% used [0x00000000e0000000,0x00000000e0000000,0x00000000ea880000)
  from space 15360K, 40% used [0x00000000eb780000,0x00000000ebd88000,0x00000000ec680000)
  to   space 15360K, 0% used [0x00000000ea880000,0x00000000ea880000,0x00000000eb780000)
 ParOldGen       total 70656K, used 38914K [0x00000000a0000000, 0x00000000a4500000, 0x00000000e0000000)
  object space 70656K, 55% used [0x00000000a0000000,0x00000000a2600998,0x00000000a4500000)
 Metaspace       used 57266K, capacity 58958K, committed 59028K, reserved 1099776K
  class space    used 7779K, capacity 8192K, committed 8192K, reserved 1048576K
Event: 15.139 GC heap after
Heap after GC invocations=17 (full 3):
 PSYoungGen      total 187904K, used 0K [0x00000000e0000000, 0x00000000ec680000, 0x0000000100000000)
  eden space 172544K, 0% used [0x00000000e0000000,0x00000000e0000000,0x00000000ea880000)
  from space 15360K, 0% used [0x00000000eb780000,0x00000000eb780000,0x00000000ec680000)
  to   space 15360K, 0% used [0x00000000ea880000,0x00000000ea880000,0x00000000eb780000)
 ParOldGen       total 118272K, used 39033K [0x00000000a0000000, 0x00000000a7380000, 0x00000000e0000000)
  object space 118272K, 33% used [0x00000000a0000000,0x00000000a261e778,0x00000000a7380000)
 Metaspace       used 57266K, capacity 58958K, committed 59028K, reserved 1099776K
  class space    used 7779K, capacity 8192K, committed 8192K, reserved 1048576K
}
Event: 29.845 GC heap before
{Heap before GC invocations=18 (full 3):
 PSYoungGen      total 187904K, used 172541K [0x00000000e0000000, 0x00000000ec680000, 0x0000000100000000)
  eden space 172544K, 99% used [0x00000000e0000000,0x00000000ea87f4f8,0x00000000ea880000)
  from space 15360K, 0% used [0x00000000eb780000,0x00000000eb780000,0x00000000ec680000)
  to   space 15360K, 0% used [0x00000000ea880000,0x00000000ea880000,0x00000000eb780000)
 ParOldGen       total 118272K, used 39033K [0x00000000a0000000, 0x00000000a7380000, 0x00000000e0000000)
  object space 118272K, 33% used [0x00000000a0000000,0x00000000a261e778,0x00000000a7380000)
 Metaspace       used 64286K, capacity 65948K, committed 66008K, reserved 1105920K
  class space    used 8542K, capacity 8957K, committed 8960K, reserved 1048576K
Event: 29.890 GC heap after
Heap after GC invocations=18 (full 3):
 PSYoungGen      total 187904K, used 15332K [0x00000000e0000000, 0x00000000ec680000, 0x0000000100000000)
  eden space 172544K, 0% used [0x00000000e0000000,0x00000000e0000000,0x00000000ea880000)
  from space 15360K, 99% used [0x00000000ea880000,0x00000000eb779070,0x00000000eb780000)
  to   space 15360K, 0% used [0x00000000eb780000,0x00000000eb780000,0x00000000ec680000)
 ParOldGen       total 118272K, used 52017K [0x00000000a0000000, 0x00000000a7380000, 0x00000000e0000000)
  object space 118272K, 43% used [0x00000000a0000000,0x00000000a32cc4e0,0x00000000a7380000)
 Metaspace       used 64286K, capacity 65948K, committed 66008K, reserved 1105920K
  class space    used 8542K, capacity 8957K, committed 8960K, reserved 1048576K
}

