# JRE version: OpenJDK Runtime Environment (8.0_152-b06) (build 1.8.0_152-release-1136-b06)
# Java VM: OpenJDK 64-Bit Server VM (25.152-b06 mixed mode windows-amd64 compressed oops)
Heap:
 PSYoungGen      total 213504K, used 172546K [0x00000000e0000000, 0x00000000f0e80000, 0x0000000100000000)
  eden space 178176K, 77% used [0x00000000e0000000,0x00000000e8607f98,0x00000000eae00000)
  from space 35328K, 99% used [0x00000000eec00000,0x00000000f0e78b08,0x00000000f0e80000)
  to   space 32256K, 0% used [0x00000000eae00000,0x00000000eae00000,0x00000000ecd80000)
 ParOldGen       total 117760K, used 89559K [0x00000000a0000000, 0x00000000a7300000, 0x00000000e0000000)
  object space 117760K, 76% used [0x00000000a0000000,0x00000000a5775d50,0x00000000a7300000)
 Metaspace       used 74467K, capacity 77142K, committed 77400K, reserved 1116160K
  class space    used 9718K, capacity 10302K, committed 10368K, reserved 1048576K
GC Heap History (10 events):
Event: 45.763 GC heap before
{Heap before GC invocations=17 (full 3):
 PSYoungGen      total 168448K, used 14411K [0x00000000e0000000, 0x00000000ebc00000, 0x0000000100000000)
  eden space 147456K, 0% used [0x00000000e0000000,0x00000000e0000000,0x00000000e9000000)
  from space 20992K, 68% used [0x00000000ea500000,0x00000000eb312ca8,0x00000000eb980000)
  to   space 21504K, 0% used [0x00000000e9000000,0x00000000e9000000,0x00000000ea500000)
 ParOldGen       total 75776K, used 32782K [0x00000000a0000000, 0x00000000a4a00000, 0x00000000e0000000)
  object space 75776K, 43% used [0x00000000a0000000,0x00000000a2003b30,0x00000000a4a00000)
 Metaspace       used 57412K, capacity 58992K, committed 59028K, reserved 1099776K
  class space    used 7761K, capacity 8157K, committed 8192K, reserved 1048576K
Event: 46.015 GC heap after
Heap after GC invocations=17 (full 3):
 PSYoungGen      total 168448K, used 0K [0x00000000e0000000, 0x00000000ebc00000, 0x0000000100000000)
  eden space 147456K, 0% used [0x00000000e0000000,0x00000000e0000000,0x00000000e9000000)
  from space 20992K, 0% used [0x00000000ea500000,0x00000000ea500000,0x00000000eb980000)
  to   space 21504K, 0% used [0x00000000e9000000,0x00000000e9000000,0x00000000ea500000)
 ParOldGen       total 117760K, used 37285K [0x00000000a0000000, 0x00000000a7300000, 0x00000000e0000000)
  object space 117760K, 31% used [0x00000000a0000000,0x00000000a24697b8,0x00000000a7300000)
 Metaspace       used 57412K, capacity 58992K, committed 59028K, reserved 1099776K
  class space    used 7761K, capacity 8157K, committed 8192K, reserved 1048576K
}
Event: 98.011 GC heap before
{Heap before GC invocations=18 (full 3):
 PSYoungGen      total 168448K, used 147456K [0x00000000e0000000, 0x00000000ebc00000, 0x0000000100000000)
  eden space 147456K, 100% used [0x00000000e0000000,0x00000000e9000000,0x00000000e9000000)
  from space 20992K, 0% used [0x00000000ea500000,0x00000000ea500000,0x00000000eb980000)
  to   space 21504K, 0% used [0x00000000e9000000,0x00000000e9000000,0x00000000ea500000)
 ParOldGen       total 117760K, used 37285K [0x00000000a0000000, 0x00000000a7300000, 0x00000000e0000000)
  object space 117760K, 31% used [0x00000000a0000000,0x00000000a24697b8,0x00000000a7300000)
 Metaspace       used 63545K, capacity 65318K, committed 65496K, reserved 1105920K
  class space    used 8436K, capacity 8914K, committed 8960K, reserved 1048576K
Event: 98.043 GC heap after
Heap after GC invocations=18 (full 3):
 PSYoungGen      total 168960K, used 21484K [0x00000000e0000000, 0x00000000ee800000, 0x0000000100000000)
  eden space 147456K, 0% used [0x00000000e0000000,0x00000000e0000000,0x00000000e9000000)
  from space 21504K, 99% used [0x00000000e9000000,0x00000000ea4fb140,0x00000000ea500000)
  to   space 27136K, 0% used [0x00000000ecd80000,0x00000000ecd80000,0x00000000ee800000)
 ParOldGen       total 117760K, used 43906K [0x00000000a0000000, 0x00000000a7300000, 0x00000000e0000000)
  object space 117760K, 37% used [0x00000000a0000000,0x00000000a2ae0a38,0x00000000a7300000)
 Metaspace       used 63545K, capacity 65318K, committed 65496K, reserved 1105920K
  class space    used 8436K, capacity 8914K, committed 8960K, reserved 1048576K
}
Event: 110.432 GC heap before
{Heap before GC invocations=19 (full 3):
 PSYoungGen      total 168960K, used 168940K [0x00000000e0000000, 0x00000000ee800000, 0x0000000100000000)
  eden space 147456K, 100% used [0x00000000e0000000,0x00000000e9000000,0x00000000e9000000)
  from space 21504K, 99% used [0x00000000e9000000,0x00000000ea4fb140,0x00000000ea500000)
  to   space 27136K, 0% used [0x00000000ecd80000,0x00000000ecd80000,0x00000000ee800000)
 ParOldGen       total 117760K, used 43906K [0x00000000a0000000, 0x00000000a7300000, 0x00000000e0000000)
  object space 117760K, 37% used [0x00000000a0000000,0x00000000a2ae0a38,0x00000000a7300000)
 Metaspace       used 71709K, capacity 73822K, committed 73944K, reserved 1114112K
  class space    used 9409K, capacity 9904K, committed 9984K, reserved 1048576K
Event: 110.466 GC heap after
Heap after GC invocations=19 (full 3):
 PSYoungGen      total 205312K, used 27107K [0x00000000e0000000, 0x00000000eef00000, 0x0000000100000000)
  eden space 178176K, 0% used [0x00000000e0000000,0x00000000e0000000,0x00000000eae00000)
  from space 27136K, 99% used [0x00000000ecd80000,0x00000000ee7f8f90,0x00000000ee800000)
  to   space 32256K, 0% used [0x00000000eae00000,0x00000000eae00000,0x00000000ecd80000)
 ParOldGen       total 117760K, used 46143K [0x00000000a0000000, 0x00000000a7300000, 0x00000000e0000000)
  object space 117760K, 39% used [0x00000000a0000000,0x00000000a2d0fc38,0x00000000a7300000)
 Metaspace       used 71709K, capacity 73822K, committed 73944K, reserved 1114112K
  class space    used 9409K, capacity 9904K, committed 9984K, reserved 1048576K
}
Event: 115.314 GC heap before
{Heap before GC invocations=20 (full 3):
 PSYoungGen      total 205312K, used 205283K [0x00000000e0000000, 0x00000000eef00000, 0x0000000100000000)
  eden space 178176K, 100% used [0x00000000e0000000,0x00000000eae00000,0x00000000eae00000)
  from space 27136K, 99% used [0x00000000ecd80000,0x00000000ee7f8f90,0x00000000ee800000)
  to   space 32256K, 0% used [0x00000000eae00000,0x00000000eae00000,0x00000000ecd80000)
 ParOldGen       total 117760K, used 46143K [0x00000000a0000000, 0x00000000a7300000, 0x00000000e0000000)
  object space 117760K, 39% used [0x00000000a0000000,0x00000000a2d0fc38,0x00000000a7300000)
 Metaspace       used 73371K, capacity 75886K, committed 76248K, reserved 1116160K
  class space    used 9586K, capacity 10142K, committed 10240K, reserved 1048576K
Event: 115.346 GC heap after
Heap after GC invocations=20 (full 3):
 PSYoungGen      total 210432K, used 27983K [0x00000000e0000000, 0x00000000f0e80000, 0x0000000100000000)
  eden space 178176K, 0% used [0x00000000e0000000,0x00000000e0000000,0x00000000eae00000)
  from space 32256K, 86% used [0x00000000eae00000,0x00000000ec953e48,0x00000000ecd80000)
  to   space 35328K, 0% used [0x00000000eec00000,0x00000000eec00000,0x00000000f0e80000)
 ParOldGen       total 117760K, used 57377K [0x00000000a0000000, 0x00000000a7300000, 0x00000000e0000000)
  object space 117760K, 48% used [0x00000000a0000000,0x00000000a3808590,0x00000000a7300000)
 Metaspace       used 73371K, capacity 75886K, committed 76248K, reserved 1116160K
  class space    used 9586K, capacity 10142K, committed 10240K, reserved 1048576K
}
Event: 117.137 GC heap before
{Heap before GC invocations=21 (full 3):
 PSYoungGen      total 210432K, used 206159K [0x00000000e0000000, 0x00000000f0e80000, 0x0000000100000000)
  eden space 178176K, 100% used [0x00000000e0000000,0x00000000eae00000,0x00000000eae00000)
  from space 32256K, 86% used [0x00000000eae00000,0x00000000ec953e48,0x00000000ecd80000)
  to   space 35328K, 0% used [0x00000000eec00000,0x00000000eec00000,0x00000000f0e80000)
 ParOldGen       total 117760K, used 57377K [0x00000000a0000000, 0x00000000a7300000, 0x00000000e0000000)
  object space 117760K, 48% used [0x00000000a0000000,0x00000000a3808590,0x00000000a7300000)
 Metaspace       used 74303K, capacity 76902K, committed 77144K, reserved 1116160K
  class space    used 9708K, capacity 10292K, committed 10368K, reserved 1048576K
Event: 117.225 GC heap after
Heap after GC invocations=21 (full 3):
 PSYoungGen      total 213504K, used 35298K [0x00000000e0000000, 0x00000000f0e80000, 0x0000000100000000)
  eden space 178176K, 0% used [0x00000000e0000000,0x00000000e0000000,0x00000000eae00000)
  from space 35328K, 99% used [0x00000000eec00000,0x00000000f0e78b08,0x00000000f0e80000)
  to   space 32256K, 0% used [0x00000000eae00000,0x00000000eae00000,0x00000000ecd80000)
 ParOldGen       total 117760K, used 89559K [0x00000000a0000000, 0x00000000a7300000, 0x00000000e0000000)
  object space 117760K, 76% used [0x00000000a0000000,0x00000000a5775d50,0x00000000a7300000)
 Metaspace       used 74303K, capacity 76902K, committed 77144K, reserved 1116160K
  class space    used 9708K, capacity 10292K, committed 10368K, reserved 1048576K
}

