# JRE version: OpenJDK Runtime Environment (8.0_152-b06) (build 1.8.0_152-release-1136-b06)
# Java VM: OpenJDK 64-Bit Server VM (25.152-b06 mixed mode windows-amd64 compressed oops)
Heap:
 PSYoungGen      total 188416K, used 21624K [0x00000000e0000000, 0x00000000eec00000, 0x0000000100000000)
  eden space 172544K, 5% used [0x00000000e0000000,0x00000000e0891ee0,0x00000000ea880000)
  from space 15872K, 80% used [0x00000000ea880000,0x00000000eb50c468,0x00000000eb800000)
  to   space 16896K, 0% used [0x00000000edb80000,0x00000000edb80000,0x00000000eec00000)
 ParOldGen       total 114176K, used 39053K [0x00000000a0000000, 0x00000000a6f80000, 0x00000000e0000000)
  object space 114176K, 34% used [0x00000000a0000000,0x00000000a2623438,0x00000000a6f80000)
 Metaspace       used 68656K, capacity 70824K, committed 71128K, reserved 1110016K
  class space    used 9163K, capacity 9621K, committed 9728K, reserved 1048576K
GC Heap History (10 events):
Event: 18.962 GC heap before
{Heap before GC invocations=14 (full 2):
 PSYoungGen      total 114176K, used 114173K [0x00000000e0000000, 0x00000000e9c80000, 0x0000000100000000)
  eden space 104448K, 100% used [0x00000000e0000000,0x00000000e6600000,0x00000000e6600000)
  from space 9728K, 99% used [0x00000000e6600000,0x00000000e6f7f698,0x00000000e6f80000)
  to   space 11264K, 0% used [0x00000000e9180000,0x00000000e9180000,0x00000000e9c80000)
 ParOldGen       total 68608K, used 18727K [0x00000000a0000000, 0x00000000a4300000, 0x00000000e0000000)
  object space 68608K, 27% used [0x00000000a0000000,0x00000000a1249f88,0x00000000a4300000)
 Metaspace       used 49857K, capacity 51020K, committed 51160K, reserved 1093632K
  class space    used 6688K, capacity 7043K, committed 7168K, reserved 1048576K
Event: 19.014 GC heap after
Heap after GC invocations=14 (full 2):
 PSYoungGen      total 147968K, used 10494K [0x00000000e0000000, 0x00000000e9e00000, 0x0000000100000000)
  eden space 136704K, 0% used [0x00000000e0000000,0x00000000e0000000,0x00000000e8580000)
  from space 11264K, 93% used [0x00000000e9180000,0x00000000e9bbf960,0x00000000e9c80000)
  to   space 12288K, 0% used [0x00000000e8580000,0x00000000e8580000,0x00000000e9180000)
 ParOldGen       total 68608K, used 24923K [0x00000000a0000000, 0x00000000a4300000, 0x00000000e0000000)
  object space 68608K, 36% used [0x00000000a0000000,0x00000000a1856ea0,0x00000000a4300000)
 Metaspace       used 49857K, capacity 51020K, committed 51160K, reserved 1093632K
  class space    used 6688K, capacity 7043K, committed 7168K, reserved 1048576K
}
Event: 26.056 GC heap before
{Heap before GC invocations=15 (full 2):
 PSYoungGen      total 147968K, used 147198K [0x00000000e0000000, 0x00000000e9e00000, 0x0000000100000000)
  eden space 136704K, 100% used [0x00000000e0000000,0x00000000e8580000,0x00000000e8580000)
  from space 11264K, 93% used [0x00000000e9180000,0x00000000e9bbf960,0x00000000e9c80000)
  to   space 12288K, 0% used [0x00000000e8580000,0x00000000e8580000,0x00000000e9180000)
 ParOldGen       total 68608K, used 24923K [0x00000000a0000000, 0x00000000a4300000, 0x00000000e0000000)
  object space 68608K, 36% used [0x00000000a0000000,0x00000000a1856ea0,0x00000000a4300000)
 Metaspace       used 56072K, capacity 57774K, committed 57944K, reserved 1099776K
  class space    used 7606K, capacity 8052K, committed 8064K, reserved 1048576K
Event: 26.076 GC heap after
Heap after GC invocations=15 (full 2):
 PSYoungGen      total 148992K, used 12272K [0x00000000e0000000, 0x00000000eca80000, 0x0000000100000000)
  eden space 136704K, 0% used [0x00000000e0000000,0x00000000e0000000,0x00000000e8580000)
  from space 12288K, 99% used [0x00000000e8580000,0x00000000e917c300,0x00000000e9180000)
  to   space 15872K, 0% used [0x00000000ebb00000,0x00000000ebb00000,0x00000000eca80000)
 ParOldGen       total 68608K, used 30582K [0x00000000a0000000, 0x00000000a4300000, 0x00000000e0000000)
  object space 68608K, 44% used [0x00000000a0000000,0x00000000a1dddb10,0x00000000a4300000)
 Metaspace       used 56072K, capacity 57774K, committed 57944K, reserved 1099776K
  class space    used 7606K, capacity 8052K, committed 8064K, reserved 1048576K
}
Event: 30.918 GC heap before
{Heap before GC invocations=16 (full 2):
 PSYoungGen      total 148992K, used 51012K [0x00000000e0000000, 0x00000000eca80000, 0x0000000100000000)
  eden space 136704K, 28% used [0x00000000e0000000,0x00000000e25d4d10,0x00000000e8580000)
  from space 12288K, 99% used [0x00000000e8580000,0x00000000e917c300,0x00000000e9180000)
  to   space 15872K, 0% used [0x00000000ebb00000,0x00000000ebb00000,0x00000000eca80000)
 ParOldGen       total 68608K, used 30582K [0x00000000a0000000, 0x00000000a4300000, 0x00000000e0000000)
  object space 68608K, 44% used [0x00000000a0000000,0x00000000a1dddb10,0x00000000a4300000)
 Metaspace       used 57223K, capacity 58958K, committed 59028K, reserved 1099776K
  class space    used 7774K, capacity 8192K, committed 8192K, reserved 1048576K
Event: 30.936 GC heap after
Heap after GC invocations=16 (full 2):
 PSYoungGen      total 185344K, used 5856K [0x00000000e0000000, 0x00000000ec780000, 0x0000000100000000)
  eden space 172544K, 0% used [0x00000000e0000000,0x00000000e0000000,0x00000000ea880000)
  from space 12800K, 45% used [0x00000000ebb00000,0x00000000ec0b8000,0x00000000ec780000)
  to   space 15872K, 0% used [0x00000000ea880000,0x00000000ea880000,0x00000000eb800000)
 ParOldGen       total 68608K, used 38959K [0x00000000a0000000, 0x00000000a4300000, 0x00000000e0000000)
  object space 68608K, 56% used [0x00000000a0000000,0x00000000a260bd80,0x00000000a4300000)
 Metaspace       used 57223K, capacity 58958K, committed 59028K, reserved 1099776K
  class space    used 7774K, capacity 8192K, committed 8192K, reserved 1048576K
}
Event: 30.936 GC heap before
{Heap before GC invocations=17 (full 3):
 PSYoungGen      total 185344K, used 5856K [0x00000000e0000000, 0x00000000ec780000, 0x0000000100000000)
  eden space 172544K, 0% used [0x00000000e0000000,0x00000000e0000000,0x00000000ea880000)
  from space 12800K, 45% used [0x00000000ebb00000,0x00000000ec0b8000,0x00000000ec780000)
  to   space 15872K, 0% used [0x00000000ea880000,0x00000000ea880000,0x00000000eb800000)
 ParOldGen       total 68608K, used 38959K [0x00000000a0000000, 0x00000000a4300000, 0x00000000e0000000)
  object space 68608K, 56% used [0x00000000a0000000,0x00000000a260bd80,0x00000000a4300000)
 Metaspace       used 57223K, capacity 58958K, committed 59028K, reserved 1099776K
  class space    used 7774K, capacity 8192K, committed 8192K, reserved 1048576K
Event: 31.229 GC heap after
Heap after GC invocations=17 (full 3):
 PSYoungGen      total 185344K, used 0K [0x00000000e0000000, 0x00000000ec780000, 0x0000000100000000)
  eden space 172544K, 0% used [0x00000000e0000000,0x00000000e0000000,0x00000000ea880000)
  from space 12800K, 0% used [0x00000000ebb00000,0x00000000ebb00000,0x00000000ec780000)
  to   space 15872K, 0% used [0x00000000ea880000,0x00000000ea880000,0x00000000eb800000)
 ParOldGen       total 114176K, used 39045K [0x00000000a0000000, 0x00000000a6f80000, 0x00000000e0000000)
  object space 114176K, 34% used [0x00000000a0000000,0x00000000a2621438,0x00000000a6f80000)
 Metaspace       used 57223K, capacity 58958K, committed 59028K, reserved 1099776K
  class space    used 7774K, capacity 8192K, committed 8192K, reserved 1048576K
}
Event: 46.747 GC heap before
{Heap before GC invocations=18 (full 3):
 PSYoungGen      total 185344K, used 172544K [0x00000000e0000000, 0x00000000ec780000, 0x0000000100000000)
  eden space 172544K, 100% used [0x00000000e0000000,0x00000000ea880000,0x00000000ea880000)
  from space 12800K, 0% used [0x00000000ebb00000,0x00000000ebb00000,0x00000000ec780000)
  to   space 15872K, 0% used [0x00000000ea880000,0x00000000ea880000,0x00000000eb800000)
 ParOldGen       total 114176K, used 39045K [0x00000000a0000000, 0x00000000a6f80000, 0x00000000e0000000)
  object space 114176K, 34% used [0x00000000a0000000,0x00000000a2621438,0x00000000a6f80000)
 Metaspace       used 67896K, capacity 69840K, committed 69976K, reserved 1110016K
  class space    used 9065K, capacity 9495K, committed 9600K, reserved 1048576K
Event: 46.767 GC heap after
Heap after GC invocations=18 (full 3):
 PSYoungGen      total 188416K, used 12849K [0x00000000e0000000, 0x00000000eec00000, 0x0000000100000000)
  eden space 172544K, 0% used [0x00000000e0000000,0x00000000e0000000,0x00000000ea880000)
  from space 15872K, 80% used [0x00000000ea880000,0x00000000eb50c468,0x00000000eb800000)
  to   space 16896K, 0% used [0x00000000edb80000,0x00000000edb80000,0x00000000eec00000)
 ParOldGen       total 114176K, used 39053K [0x00000000a0000000, 0x00000000a6f80000, 0x00000000e0000000)
  object space 114176K, 34% used [0x00000000a0000000,0x00000000a2623438,0x00000000a6f80000)
 Metaspace       used 67896K, capacity 69840K, committed 69976K, reserved 1110016K
  class space    used 9065K, capacity 9495K, committed 9600K, reserved 1048576K
}

