# JRE version: OpenJDK Runtime Environment (8.0_152-b06) (build 1.8.0_152-release-1136-b06)
# Java VM: OpenJDK 64-Bit Server VM (25.152-b06 mixed mode windows-amd64 compressed oops)
Heap:
 PSYoungGen      total 365568K, used 59850K [0x00000000e0000000, 0x00000000f9d80000, 0x0000000100000000)
  eden space 328704K, 6% used [0x00000000e0000000,0x00000000e16758a8,0x00000000f4100000)
  from space 36864K, 99% used [0x00000000f6d80000,0x00000000f917d140,0x00000000f9180000)
  to   space 45568K, 0% used [0x00000000f4100000,0x00000000f4100000,0x00000000f6d80000)
 ParOldGen       total 158208K, used 61552K [0x00000000a0000000, 0x00000000a9a80000, 0x00000000e0000000)
  object space 158208K, 38% used [0x00000000a0000000,0x00000000a3c1c358,0x00000000a9a80000)
 Metaspace       used 77781K, capacity 80632K, committed 80856K, reserved 1120256K
  class space    used 10114K, capacity 10693K, committed 10752K, reserved 1048576K
GC Heap History (10 events):
Event: 25.989 GC heap before
{Heap before GC invocations=20 (full 3):
 PSYoungGen      total 242688K, used 232420K [0x00000000e0000000, 0x00000000f1400000, 0x0000000100000000)
  eden space 210432K, 99% used [0x00000000e0000000,0x00000000ecd1a238,0x00000000ecd80000)
  from space 32256K, 69% used [0x00000000eee80000,0x00000000f045f0f8,0x00000000f0e00000)
  to   space 33792K, 0% used [0x00000000ecd80000,0x00000000ecd80000,0x00000000eee80000)
 ParOldGen       total 121344K, used 97273K [0x00000000a0000000, 0x00000000a7680000, 0x00000000e0000000)
  object space 121344K, 80% used [0x00000000a0000000,0x00000000a5efe560,0x00000000a7680000)
 Metaspace       used 63980K, capacity 66260K, committed 66520K, reserved 1105920K
  class space    used 8630K, capacity 9155K, committed 9216K, reserved 1048576K
Event: 26.001 GC heap after
Heap after GC invocations=20 (full 3):
 PSYoungGen      total 244224K, used 29483K [0x00000000e0000000, 0x00000000f4500000, 0x0000000100000000)
  eden space 210432K, 0% used [0x00000000e0000000,0x00000000e0000000,0x00000000ecd80000)
  from space 33792K, 87% used [0x00000000ecd80000,0x00000000eea4afd0,0x00000000eee80000)
  to   space 37888K, 0% used [0x00000000f2000000,0x00000000f2000000,0x00000000f4500000)
 ParOldGen       total 121344K, used 97281K [0x00000000a0000000, 0x00000000a7680000, 0x00000000e0000000)
  object space 121344K, 80% used [0x00000000a0000000,0x00000000a5f00560,0x00000000a7680000)
 Metaspace       used 63980K, capacity 66260K, committed 66520K, reserved 1105920K
  class space    used 8630K, capacity 9155K, committed 9216K, reserved 1048576K
}
Event: 26.029 GC heap before
{Heap before GC invocations=21 (full 3):
 PSYoungGen      total 244224K, used 239499K [0x00000000e0000000, 0x00000000f4500000, 0x0000000100000000)
  eden space 210432K, 99% used [0x00000000e0000000,0x00000000ecd18008,0x00000000ecd80000)
  from space 33792K, 87% used [0x00000000ecd80000,0x00000000eea4afd0,0x00000000eee80000)
  to   space 37888K, 0% used [0x00000000f2000000,0x00000000f2000000,0x00000000f4500000)
 ParOldGen       total 121344K, used 97281K [0x00000000a0000000, 0x00000000a7680000, 0x00000000e0000000)
  object space 121344K, 80% used [0x00000000a0000000,0x00000000a5f00560,0x00000000a7680000)
 Metaspace       used 63990K, capacity 66260K, committed 66520K, reserved 1105920K
  class space    used 8630K, capacity 9155K, committed 9216K, reserved 1048576K
Event: 26.039 GC heap after
Heap after GC invocations=21 (full 3):
 PSYoungGen      total 294912K, used 96K [0x00000000e0000000, 0x00000000f5c00000, 0x0000000100000000)
  eden space 257024K, 0% used [0x00000000e0000000,0x00000000e0000000,0x00000000efb00000)
  from space 37888K, 0% used [0x00000000f2000000,0x00000000f2018000,0x00000000f4500000)
  to   space 37888K, 0% used [0x00000000efb00000,0x00000000efb00000,0x00000000f2000000)
 ParOldGen       total 121344K, used 119438K [0x00000000a0000000, 0x00000000a7680000, 0x00000000e0000000)
  object space 121344K, 98% used [0x00000000a0000000,0x00000000a74a3898,0x00000000a7680000)
 Metaspace       used 63990K, capacity 66260K, committed 66520K, reserved 1105920K
  class space    used 8630K, capacity 9155K, committed 9216K, reserved 1048576K
}
Event: 26.039 GC heap before
{Heap before GC invocations=22 (full 4):
 PSYoungGen      total 294912K, used 96K [0x00000000e0000000, 0x00000000f5c00000, 0x0000000100000000)
  eden space 257024K, 0% used [0x00000000e0000000,0x00000000e0000000,0x00000000efb00000)
  from space 37888K, 0% used [0x00000000f2000000,0x00000000f2018000,0x00000000f4500000)
  to   space 37888K, 0% used [0x00000000efb00000,0x00000000efb00000,0x00000000f2000000)
 ParOldGen       total 121344K, used 119438K [0x00000000a0000000, 0x00000000a7680000, 0x00000000e0000000)
  object space 121344K, 98% used [0x00000000a0000000,0x00000000a74a3898,0x00000000a7680000)
 Metaspace       used 63990K, capacity 66260K, committed 66520K, reserved 1105920K
  class space    used 8630K, capacity 9155K, committed 9216K, reserved 1048576K
Event: 26.134 GC heap after
Heap after GC invocations=22 (full 4):
 PSYoungGen      total 294912K, used 0K [0x00000000e0000000, 0x00000000f5c00000, 0x0000000100000000)
  eden space 257024K, 0% used [0x00000000e0000000,0x00000000e0000000,0x00000000efb00000)
  from space 37888K, 0% used [0x00000000f2000000,0x00000000f2000000,0x00000000f4500000)
  to   space 37888K, 0% used [0x00000000efb00000,0x00000000efb00000,0x00000000f2000000)
 ParOldGen       total 158208K, used 54198K [0x00000000a0000000, 0x00000000a9a80000, 0x00000000e0000000)
  object space 158208K, 34% used [0x00000000a0000000,0x00000000a34edbd0,0x00000000a9a80000)
 Metaspace       used 63976K, capacity 66218K, committed 66520K, reserved 1105920K
  class space    used 8625K, capacity 9146K, committed 9216K, reserved 1048576K
}
Event: 654.689 GC heap before
{Heap before GC invocations=23 (full 4):
 PSYoungGen      total 294912K, used 257024K [0x00000000e0000000, 0x00000000f5c00000, 0x0000000100000000)
  eden space 257024K, 100% used [0x00000000e0000000,0x00000000efb00000,0x00000000efb00000)
  from space 37888K, 0% used [0x00000000f2000000,0x00000000f2000000,0x00000000f4500000)
  to   space 37888K, 0% used [0x00000000efb00000,0x00000000efb00000,0x00000000f2000000)
 ParOldGen       total 158208K, used 54198K [0x00000000a0000000, 0x00000000a9a80000, 0x00000000e0000000)
  object space 158208K, 34% used [0x00000000a0000000,0x00000000a34edbd0,0x00000000a9a80000)
 Metaspace       used 69041K, capacity 71632K, committed 71896K, reserved 1112064K
  class space    used 9113K, capacity 9671K, committed 9728K, reserved 1048576K
Event: 654.707 GC heap after
Heap after GC invocations=23 (full 4):
 PSYoungGen      total 294912K, used 8470K [0x00000000e0000000, 0x00000000f9180000, 0x0000000100000000)
  eden space 257024K, 0% used [0x00000000e0000000,0x00000000e0000000,0x00000000efb00000)
  from space 37888K, 22% used [0x00000000efb00000,0x00000000f0345b88,0x00000000f2000000)
  to   space 36864K, 0% used [0x00000000f6d80000,0x00000000f6d80000,0x00000000f9180000)
 ParOldGen       total 158208K, used 54206K [0x00000000a0000000, 0x00000000a9a80000, 0x00000000e0000000)
  object space 158208K, 34% used [0x00000000a0000000,0x00000000a34efbd0,0x00000000a9a80000)
 Metaspace       used 69041K, capacity 71632K, committed 71896K, reserved 1112064K
  class space    used 9113K, capacity 9671K, committed 9728K, reserved 1048576K
}
Event: 681.464 GC heap before
{Heap before GC invocations=24 (full 4):
 PSYoungGen      total 294912K, used 265494K [0x00000000e0000000, 0x00000000f9180000, 0x0000000100000000)
  eden space 257024K, 100% used [0x00000000e0000000,0x00000000efb00000,0x00000000efb00000)
  from space 37888K, 22% used [0x00000000efb00000,0x00000000f0345b88,0x00000000f2000000)
  to   space 36864K, 0% used [0x00000000f6d80000,0x00000000f6d80000,0x00000000f9180000)
 ParOldGen       total 158208K, used 54206K [0x00000000a0000000, 0x00000000a9a80000, 0x00000000e0000000)
  object space 158208K, 34% used [0x00000000a0000000,0x00000000a34efbd0,0x00000000a9a80000)
 Metaspace       used 77779K, capacity 80628K, committed 80856K, reserved 1120256K
  class space    used 10114K, capacity 10693K, committed 10752K, reserved 1048576K
Event: 681.524 GC heap after
Heap after GC invocations=24 (full 4):
 PSYoungGen      total 365568K, used 36852K [0x00000000e0000000, 0x00000000f9d80000, 0x0000000100000000)
  eden space 328704K, 0% used [0x00000000e0000000,0x00000000e0000000,0x00000000f4100000)
  from space 36864K, 99% used [0x00000000f6d80000,0x00000000f917d140,0x00000000f9180000)
  to   space 45568K, 0% used [0x00000000f4100000,0x00000000f4100000,0x00000000f6d80000)
 ParOldGen       total 158208K, used 61552K [0x00000000a0000000, 0x00000000a9a80000, 0x00000000e0000000)
  object space 158208K, 38% used [0x00000000a0000000,0x00000000a3c1c358,0x00000000a9a80000)
 Metaspace       used 77779K, capacity 80628K, committed 80856K, reserved 1120256K
  class space    used 10114K, capacity 10693K, committed 10752K, reserved 1048576K
}

