# JRE version: OpenJDK Runtime Environment (8.0_152-b06) (build 1.8.0_152-release-1136-b06)
# Java VM: OpenJDK 64-Bit Server VM (25.152-b06 mixed mode windows-amd64 compressed oops)
Heap:
 PSYoungGen      total 297472K, used 34769K [0x00000000e0000000, 0x00000000f8900000, 0x0000000100000000)
  eden space 268800K, 12% used [0x00000000e0000000,0x00000000e2075220,0x00000000f0680000)
  from space 28672K, 5% used [0x00000000f3b00000,0x00000000f3c7f2a0,0x00000000f5700000)
  to   space 53760K, 0% used [0x00000000f0680000,0x00000000f0680000,0x00000000f3b00000)
 ParOldGen       total 110080K, used 109643K [0x00000000a0000000, 0x00000000a6b80000, 0x00000000e0000000)
  object space 110080K, 99% used [0x00000000a0000000,0x00000000a6b12e20,0x00000000a6b80000)
 Metaspace       used 73666K, capacity 76266K, committed 76632K, reserved 1116160K
  class space    used 9642K, capacity 10249K, committed 10368K, reserved 1048576K
GC Heap History (10 events):
Event: 17.015 GC heap before
{Heap before GC invocations=14 (full 3):
 PSYoungGen      total 193536K, used 17104K [0x00000000e0000000, 0x00000000f1980000, 0x0000000100000000)
  eden space 172544K, 0% used [0x00000000e0000000,0x00000000e0000000,0x00000000ea880000)
  from space 20992K, 81% used [0x00000000ea880000,0x00000000eb9343a0,0x00000000ebd00000)
  to   space 22528K, 0% used [0x00000000f0380000,0x00000000f0380000,0x00000000f1980000)
 ParOldGen       total 81408K, used 26282K [0x00000000a0000000, 0x00000000a4f80000, 0x00000000e0000000)
  object space 81408K, 32% used [0x00000000a0000000,0x00000000a19aa8e0,0x00000000a4f80000)
 Metaspace       used 57256K, capacity 58956K, committed 59028K, reserved 1099776K
  class space    used 7706K, capacity 8164K, committed 8192K, reserved 1048576K
Event: 17.275 GC heap after
Heap after GC invocations=14 (full 3):
 PSYoungGen      total 193536K, used 0K [0x00000000e0000000, 0x00000000f1980000, 0x0000000100000000)
  eden space 172544K, 0% used [0x00000000e0000000,0x00000000e0000000,0x00000000ea880000)
  from space 20992K, 0% used [0x00000000ea880000,0x00000000ea880000,0x00000000ebd00000)
  to   space 22528K, 0% used [0x00000000f0380000,0x00000000f0380000,0x00000000f1980000)
 ParOldGen       total 110080K, used 31725K [0x00000000a0000000, 0x00000000a6b80000, 0x00000000e0000000)
  object space 110080K, 28% used [0x00000000a0000000,0x00000000a1efb6c0,0x00000000a6b80000)
 Metaspace       used 57256K, capacity 58956K, committed 59028K, reserved 1099776K
  class space    used 7706K, capacity 8164K, committed 8192K, reserved 1048576K
}
Event: 20.061 GC heap before
{Heap before GC invocations=15 (full 3):
 PSYoungGen      total 193536K, used 172544K [0x00000000e0000000, 0x00000000f1980000, 0x0000000100000000)
  eden space 172544K, 100% used [0x00000000e0000000,0x00000000ea880000,0x00000000ea880000)
  from space 20992K, 0% used [0x00000000ea880000,0x00000000ea880000,0x00000000ebd00000)
  to   space 22528K, 0% used [0x00000000f0380000,0x00000000f0380000,0x00000000f1980000)
 ParOldGen       total 110080K, used 31725K [0x00000000a0000000, 0x00000000a6b80000, 0x00000000e0000000)
  object space 110080K, 28% used [0x00000000a0000000,0x00000000a1efb6c0,0x00000000a6b80000)
 Metaspace       used 60591K, capacity 62434K, committed 62808K, reserved 1103872K
  class space    used 8223K, capacity 8719K, committed 8832K, reserved 1048576K
Event: 20.082 GC heap after
Heap after GC invocations=15 (full 3):
 PSYoungGen      total 246784K, used 17788K [0x00000000e0000000, 0x00000000f1500000, 0x0000000100000000)
  eden space 228864K, 0% used [0x00000000e0000000,0x00000000e0000000,0x00000000edf80000)
  from space 17920K, 99% used [0x00000000f0380000,0x00000000f14df0f8,0x00000000f1500000)
  to   space 24064K, 0% used [0x00000000ee600000,0x00000000ee600000,0x00000000efd80000)
 ParOldGen       total 110080K, used 31733K [0x00000000a0000000, 0x00000000a6b80000, 0x00000000e0000000)
  object space 110080K, 28% used [0x00000000a0000000,0x00000000a1efd6c0,0x00000000a6b80000)
 Metaspace       used 60591K, capacity 62434K, committed 62808K, reserved 1103872K
  class space    used 8223K, capacity 8719K, committed 8832K, reserved 1048576K
}
Event: 84.162 GC heap before
{Heap before GC invocations=16 (full 3):
 PSYoungGen      total 246784K, used 246652K [0x00000000e0000000, 0x00000000f1500000, 0x0000000100000000)
  eden space 228864K, 100% used [0x00000000e0000000,0x00000000edf80000,0x00000000edf80000)
  from space 17920K, 99% used [0x00000000f0380000,0x00000000f14df0f8,0x00000000f1500000)
  to   space 24064K, 0% used [0x00000000ee600000,0x00000000ee600000,0x00000000efd80000)
 ParOldGen       total 110080K, used 31733K [0x00000000a0000000, 0x00000000a6b80000, 0x00000000e0000000)
  object space 110080K, 28% used [0x00000000a0000000,0x00000000a1efd6c0,0x00000000a6b80000)
 Metaspace       used 68033K, capacity 70384K, committed 70488K, reserved 1110016K
  class space    used 8944K, capacity 9534K, committed 9600K, reserved 1048576K
Event: 84.206 GC heap after
Heap after GC invocations=16 (full 3):
 PSYoungGen      total 259584K, used 24040K [0x00000000e0000000, 0x00000000f5700000, 0x0000000100000000)
  eden space 235520K, 0% used [0x00000000e0000000,0x00000000e0000000,0x00000000ee600000)
  from space 24064K, 99% used [0x00000000ee600000,0x00000000efd7a308,0x00000000efd80000)
  to   space 28672K, 0% used [0x00000000f3b00000,0x00000000f3b00000,0x00000000f5700000)
 ParOldGen       total 110080K, used 34252K [0x00000000a0000000, 0x00000000a6b80000, 0x00000000e0000000)
  object space 110080K, 31% used [0x00000000a0000000,0x00000000a21730e8,0x00000000a6b80000)
 Metaspace       used 68033K, capacity 70384K, committed 70488K, reserved 1110016K
  class space    used 8944K, capacity 9534K, committed 9600K, reserved 1048576K
}
Event: 108.723 GC heap before
{Heap before GC invocations=17 (full 3):
 PSYoungGen      total 259584K, used 259560K [0x00000000e0000000, 0x00000000f5700000, 0x0000000100000000)
  eden space 235520K, 100% used [0x00000000e0000000,0x00000000ee600000,0x00000000ee600000)
  from space 24064K, 99% used [0x00000000ee600000,0x00000000efd7a308,0x00000000efd80000)
  to   space 28672K, 0% used [0x00000000f3b00000,0x00000000f3b00000,0x00000000f5700000)
 ParOldGen       total 110080K, used 34252K [0x00000000a0000000, 0x00000000a6b80000, 0x00000000e0000000)
  object space 110080K, 31% used [0x00000000a0000000,0x00000000a21730e8,0x00000000a6b80000)
 Metaspace       used 72552K, capacity 75150K, committed 75480K, reserved 1114112K
  class space    used 9522K, capacity 10133K, committed 10240K, reserved 1048576K
Event: 108.865 GC heap after
Heap after GC invocations=17 (full 3):
 PSYoungGen      total 297472K, used 28670K [0x00000000e0000000, 0x00000000f8900000, 0x0000000100000000)
  eden space 268800K, 0% used [0x00000000e0000000,0x00000000e0000000,0x00000000f0680000)
  from space 28672K, 99% used [0x00000000f3b00000,0x00000000f56ff980,0x00000000f5700000)
  to   space 53760K, 0% used [0x00000000f0680000,0x00000000f0680000,0x00000000f3b00000)
 ParOldGen       total 110080K, used 90711K [0x00000000a0000000, 0x00000000a6b80000, 0x00000000e0000000)
  object space 110080K, 82% used [0x00000000a0000000,0x00000000a5895e28,0x00000000a6b80000)
 Metaspace       used 72552K, capacity 75150K, committed 75480K, reserved 1114112K
  class space    used 9522K, capacity 10133K, committed 10240K, reserved 1048576K
}
Event: 108.865 GC heap before
{Heap before GC invocations=18 (full 4):
 PSYoungGen      total 297472K, used 28670K [0x00000000e0000000, 0x00000000f8900000, 0x0000000100000000)
  eden space 268800K, 0% used [0x00000000e0000000,0x00000000e0000000,0x00000000f0680000)
  from space 28672K, 99% used [0x00000000f3b00000,0x00000000f56ff980,0x00000000f5700000)
  to   space 53760K, 0% used [0x00000000f0680000,0x00000000f0680000,0x00000000f3b00000)
 ParOldGen       total 110080K, used 90711K [0x00000000a0000000, 0x00000000a6b80000, 0x00000000e0000000)
  object space 110080K, 82% used [0x00000000a0000000,0x00000000a5895e28,0x00000000a6b80000)
 Metaspace       used 72552K, capacity 75150K, committed 75480K, reserved 1114112K
  class space    used 9522K, capacity 10133K, committed 10240K, reserved 1048576K
Event: 109.619 GC heap after
Heap after GC invocations=18 (full 4):
 PSYoungGen      total 297472K, used 1532K [0x00000000e0000000, 0x00000000f8900000, 0x0000000100000000)
  eden space 268800K, 0% used [0x00000000e0000000,0x00000000e0000000,0x00000000f0680000)
  from space 28672K, 5% used [0x00000000f3b00000,0x00000000f3c7f2a0,0x00000000f5700000)
  to   space 53760K, 0% used [0x00000000f0680000,0x00000000f0680000,0x00000000f3b00000)
 ParOldGen       total 110080K, used 109643K [0x00000000a0000000, 0x00000000a6b80000, 0x00000000e0000000)
  object space 110080K, 99% used [0x00000000a0000000,0x00000000a6b12e20,0x00000000a6b80000)
 Metaspace       used 72538K, capacity 75108K, committed 75480K, reserved 1114112K
  class space    used 9517K, capacity 10124K, committed 10240K, reserved 1048576K
}

